<?xml version="1.0" encoding="UTF-8"?>
<!-- Generated by org.testng.reporters.JUnitReportReporter -->
<testsuite skipped="0" hostname="DESKTOP-73PJK31" name="com.parallel.Tests.TestSuiteA" tests="2" failures="0" timestamp="2020-11-07T19:54:03 IST" time="2.038" errors="0">
  <testcase name="sumOfNumbers_002" time="1.019" classname="com.parallel.Tests.TestSuiteA"/>
  <testcase name="sumOfNumbers_001" time="1.019" classname="com.parallel.Tests.TestSuiteA"/>
</testsuite> <!-- com.parallel.Tests.TestSuiteA -->
