<?xml version="1.0" encoding="UTF-8"?>
<!-- Generated by org.testng.reporters.JUnitReportReporter -->
<testsuite skipped="0" hostname="DESKTOP-73PJK31" name="com.parallel.Tests.TestWebDriver" tests="2" failures="0" timestamp="2020-11-10T22:34:04 IST" time="29.794" errors="0">
  <testcase name="verifyAppLaunch" time="13.054" classname="com.parallel.Tests.TestWebDriver"/>
  <testcase name="verifyAppLogin" time="16.740" classname="com.parallel.Tests.TestWebDriver"/>
</testsuite> <!-- com.parallel.Tests.TestWebDriver -->
