<?xml version="1.0" encoding="UTF-8"?>
<!-- Generated by org.testng.reporters.JUnitReportReporter -->
<testsuite skipped="0" hostname="DESKTOP-73PJK31" name="com.parallel.Tests.TestWebDriver" tests="2" failures="0" timestamp="2020-11-09T22:36:08 IST" time="33.074" errors="0">
  <testcase name="verifyAppLaunch" time="13.671" classname="com.parallel.Tests.TestWebDriver"/>
  <testcase name="verifyAppLogin" time="19.403" classname="com.parallel.Tests.TestWebDriver"/>
</testsuite> <!-- com.parallel.Tests.TestWebDriver -->
