<?xml version="1.0" encoding="UTF-8"?>
<!-- Generated by org.testng.reporters.JUnitReportReporter -->
<testsuite skipped="0" hostname="DESKTOP-73PJK31" name="com.parallel.Tests.TestSuiteB" tests="2" failures="0" timestamp="2020-11-05T23:15:17 IST" time="2.008" errors="0">
  <testcase name="substractionOfNumbers_002" time="1.005" classname="com.parallel.Tests.TestSuiteB"/>
  <testcase name="substractionOfNumbers_001" time="1.003" classname="com.parallel.Tests.TestSuiteB"/>
</testsuite> <!-- com.parallel.Tests.TestSuiteB -->
