<?xml version="1.0" encoding="UTF-8"?>
<!-- Generated by org.testng.reporters.JUnitReportReporter -->
<testsuite skipped="0" hostname="DESKTOP-73PJK31" name="com.parallel.Tests.TestSuiteC" tests="2" failures="0" timestamp="2020-11-05T23:10:30 IST" time="2.005" errors="0">
  <testcase name="divisionOfNumbers_001" time="1.002" classname="com.parallel.Tests.TestSuiteC"/>
  <testcase name="divisionOfNumbers_002" time="1.003" classname="com.parallel.Tests.TestSuiteC"/>
</testsuite> <!-- com.parallel.Tests.TestSuiteC -->
