<?xml version="1.0" encoding="UTF-8"?>
<!-- Generated by org.testng.reporters.JUnitReportReporter -->
<testsuite skipped="0" hostname="DESKTOP-73PJK31" name="com.parallel.Tests.TestSuiteC" tests="2" failures="0" timestamp="2020-11-07T22:34:20 IST" time="6.009" errors="0">
  <testcase name="divisionOfNumbers_001" time="3.002" classname="com.parallel.Tests.TestSuiteC"/>
  <testcase name="divisionOfNumbers_002" time="3.007" classname="com.parallel.Tests.TestSuiteC"/>
</testsuite> <!-- com.parallel.Tests.TestSuiteC -->
